2026-04-02T04:41:20: Traceback (most recent call last):
2026-04-02T04:41:20:   File "<frozen runpy>", line 198, in _run_module_as_main
2026-04-02T04:41:20:   File "<frozen runpy>", line 88, in _run_code
2026-04-02T04:41:20:   File "/root/projects/circle-overlay-bot/bot/__main__.py", line 34, in <module>
2026-04-02T04:41:20:     asyncio.run(main())
2026-04-02T04:41:20:   File "/usr/lib/python3.12/asyncio/runners.py", line 194, in run
2026-04-02T04:41:20:     return runner.run(main)
2026-04-02T04:41:20:            ^^^^^^^^^^^^^^^^
2026-04-02T04:41:20:   File "/usr/lib/python3.12/asyncio/runners.py", line 118, in run
2026-04-02T04:41:20:     return self._loop.run_until_complete(task)
2026-04-02T04:41:20:            ^^^^^^^^^^^^^^^^^^^^^^^^^^^^^^^^^^^
2026-04-02T04:41:20:   File "/usr/lib/python3.12/asyncio/base_events.py", line 687, in run_until_complete
2026-04-02T04:41:20:     return future.result()
2026-04-02T04:41:20:            ^^^^^^^^^^^^^^^
2026-04-02T04:41:20:   File "/root/projects/circle-overlay-bot/bot/__main__.py", line 25, in main
2026-04-02T04:41:20:     bot = Bot(token=BOT_TOKEN, parse_mode=ParseMode.HTML)
2026-04-02T04:41:20:           ^^^^^^^^^^^^^^^^^^^^^^^^^^^^^^^^^^^^^^^^^^^^^^^
2026-04-02T04:41:20:   File "/root/projects/circle-overlay-bot/venv/lib/python3.12/site-packages/aiogram/client/bot.py", line 314, in __init__
2026-04-02T04:41:20:     raise TypeError(
2026-04-02T04:41:20: TypeError: Passing `parse_mode`, `disable_web_page_preview` or `protect_content` to Bot initializer is not supported anymore. These arguments have been removed in 3.7.0 version. Use `default=DefaultBotProperties(parse_mode=<ParseMode.HTML: 'HTML'>)` argument instead.
2026-04-02T04:41:23: Traceback (most recent call last):
2026-04-02T04:41:23:   File "<frozen runpy>", line 198, in _run_module_as_main
2026-04-02T04:41:23:   File "<frozen runpy>", line 88, in _run_code
2026-04-02T04:41:23:   File "/root/projects/circle-overlay-bot/bot/__main__.py", line 34, in <module>
2026-04-02T04:41:23:     asyncio.run(main())
2026-04-02T04:41:23:   File "/usr/lib/python3.12/asyncio/runners.py", line 194, in run
2026-04-02T04:41:23:     return runner.run(main)
2026-04-02T04:41:23:            ^^^^^^^^^^^^^^^^
2026-04-02T04:41:23:   File "/usr/lib/python3.12/asyncio/runners.py", line 118, in run
2026-04-02T04:41:23:     return self._loop.run_until_complete(task)
2026-04-02T04:41:23:            ^^^^^^^^^^^^^^^^^^^^^^^^^^^^^^^^^^^
2026-04-02T04:41:23:   File "/usr/lib/python3.12/asyncio/base_events.py", line 687, in run_until_complete
2026-04-02T04:41:23:     return future.result()
2026-04-02T04:41:23:            ^^^^^^^^^^^^^^^
2026-04-02T04:41:23:   File "/root/projects/circle-overlay-bot/bot/__main__.py", line 25, in main
2026-04-02T04:41:23:     bot = Bot(token=BOT_TOKEN, parse_mode=ParseMode.HTML)
2026-04-02T04:41:23:           ^^^^^^^^^^^^^^^^^^^^^^^^^^^^^^^^^^^^^^^^^^^^^^^
2026-04-02T04:41:23:   File "/root/projects/circle-overlay-bot/venv/lib/python3.12/site-packages/aiogram/client/bot.py", line 314, in __init__
2026-04-02T04:41:23:     raise TypeError(
2026-04-02T04:41:23: TypeError: Passing `parse_mode`, `disable_web_page_preview` or `protect_content` to Bot initializer is not supported anymore. These arguments have been removed in 3.7.0 version. Use `default=DefaultBotProperties(parse_mode=<ParseMode.HTML: 'HTML'>)` argument instead.
2026-04-02T04:41:25: Traceback (most recent call last):
2026-04-02T04:41:25:   File "<frozen runpy>", line 198, in _run_module_as_main
2026-04-02T04:41:25:   File "<frozen runpy>", line 88, in _run_code
2026-04-02T04:41:25:   File "/root/projects/circle-overlay-bot/bot/__main__.py", line 34, in <module>
2026-04-02T04:41:25:     asyncio.run(main())
2026-04-02T04:41:25:   File "/usr/lib/python3.12/asyncio/runners.py", line 194, in run
2026-04-02T04:41:25:     return runner.run(main)
2026-04-02T04:41:25:            ^^^^^^^^^^^^^^^^
2026-04-02T04:41:25:   File "/usr/lib/python3.12/asyncio/runners.py", line 118, in run
2026-04-02T04:41:25:     return self._loop.run_until_complete(task)
2026-04-02T04:41:25:            ^^^^^^^^^^^^^^^^^^^^^^^^^^^^^^^^^^^
2026-04-02T04:41:25:   File "/usr/lib/python3.12/asyncio/base_events.py", line 687, in run_until_complete
2026-04-02T04:41:25:     return future.result()
2026-04-02T04:41:25:            ^^^^^^^^^^^^^^^
2026-04-02T04:41:25:   File "/root/projects/circle-overlay-bot/bot/__main__.py", line 25, in main
2026-04-02T04:41:25:     bot = Bot(token=BOT_TOKEN, parse_mode=ParseMode.HTML)
2026-04-02T04:41:25: ^^^^^^^^^^^^^^^^^^^^^^^^^^^^^^^^^^^^
2026-04-02T04:41:25:   File "/root/projects/circle-overlay-bot/venv/lib/python3.12/site-packages/aiogram/client/bot.py", line 314, in __init__
2026-04-02T04:41:25:     raise TypeError(
2026-04-02T04:41:25: TypeError: Passing `parse_mode`, `disable_web_page_preview` or `protect_content` to Bot initializer is not supported anymore. These arguments have been removed in 3.7.0 version. Use `default=DefaultBotProperties(parse_mode=<ParseMode.HTML: 'HTML'>)` argument instead.
2026-04-02T04:41:27: Traceback (most recent call last):
2026-04-02T04:41:27:   File "<frozen runpy>", line 198, in _run_module_as_main
2026-04-02T04:41:27:   File "<frozen runpy>", line 88, in _run_code
2026-04-02T04:41:27:   File "/root/projects/circle-overlay-bot/bot/__main__.py", line 34, in <module>
2026-04-02T04:41:27:     asyncio.run(main())
2026-04-02T04:41:27:   File "/usr/lib/python3.12/asyncio/runners.py", line 194, in run
2026-04-02T04:41:27:     return runner.run(main)
2026-04-02T04:41:27:            ^^^^^^^^^^^^^^^^
2026-04-02T04:41:27:   File "/usr/lib/python3.12/asyncio/runners.py", line 118, in run
2026-04-02T04:41:27:     return self._loop.run_until_complete(task)
2026-04-02T04:41:27:            ^^^^^^^^^^^^^^^^^^^^^^^^^^^^^^^^^^^
2026-04-02T04:41:27:   File "/usr/lib/python3.12/asyncio/base_events.py", line 687, in run_until_complete
2026-04-02T04:41:27:     return future.result()
2026-04-02T04:41:27:            ^^^^^^^^^^^^^^^
2026-04-02T04:41:27:   File "/root/projects/circle-overlay-bot/bot/__main__.py", line 25, in main
2026-04-02T04:41:27:     bot = Bot(token=BOT_TOKEN, parse_mode=ParseMode.HTML)
2026-04-02T04:41:27: ^^^^^^^
2026-04-02T04:41:27:   File "/root/projects/circle-overlay-bot/venv/lib/python3.12/site-packages/aiogram/client/bot.py", line 314, in __init__
2026-04-02T04:41:27:     raise TypeError(
2026-04-02T04:41:27: TypeError: Passing `parse_mode`, `disable_web_page_preview` or `protect_content` to Bot initializer is not supported anymore. These arguments have been removed in 3.7.0 version. Use `default=DefaultBotProperties(parse_mode=<ParseMode.HTML: 'HTML'>)` argument instead.
2026-04-02T04:41:29: Traceback (most recent call last):
2026-04-02T04:41:29:   File "<frozen runpy>", line 198, in _run_module_as_main
2026-04-02T04:41:29:   File "<frozen runpy>", line 88, in _run_code
2026-04-02T04:41:29:   File "/root/projects/circle-overlay-bot/bot/__main__.py", line 34, in <module>
2026-04-02T04:41:29:     asyncio.run(main())
2026-04-02T04:41:29:   File "/usr/lib/python3.12/asyncio/runners.py", line 194, in run
2026-04-02T04:41:29:     return runner.run(main)
2026-04-02T04:41:29:            ^^^^^^^^^^^^^^^^
2026-04-02T04:41:29:   File "/usr/lib/python3.12/asyncio/runners.py", line 118, in run
2026-04-02T04:41:29:     return self._loop.run_until_complete(task)
2026-04-02T04:41:29:            ^^^^^^^^^^^^^^^^^^^^^^^^^^^^^^^^^^^
2026-04-02T04:41:29:   File "/usr/lib/python3.12/asyncio/base_events.py", line 687, in run_until_complete
2026-04-02T04:41:29:     return future.result()
2026-04-02T04:41:29:            ^^^^^^^^^^^^^^^
2026-04-02T04:41:29:   File "/root/projects/circle-overlay-bot/bot/__main__.py", line 25, in main
2026-04-02T04:41:29:     bot = Bot(token=BOT_TOKEN, parse_mode=ParseMode.HTML)
2026-04-02T04:41:29:           ^^^^^^^^^^^^^^^^^^^^^^^^^^^^^^^^^^^^^^^^^^^^^^^
2026-04-02T04:41:29:   File "/root/projects/circle-overlay-bot/venv/lib/python3.12/site-packages/aiogram/client/bot.py", line 314, in __init__
2026-04-02T04:41:29:     raise TypeError(
2026-04-02T04:41:29: TypeError: Passing `parse_mode`, `disable_web_page_preview` or `protect_content` to Bot initializer is not supported anymore. These arguments have been removed in 3.7.0 version. Use `default=DefaultBotProperties(parse_mode=<ParseMode.HTML: 'HTML'>)` argument instead.
2026-04-02T04:42:17: 2026-04-02 04:42:17,900 - __main__ - INFO - Starting bot with polling...
2026-04-02T04:42:17: 2026-04-02 04:42:17,900 - aiogram.dispatcher - INFO - Start polling
2026-04-02T04:42:21: 2026-04-02 04:42:21,332 - aiogram.dispatcher - INFO - Run polling for bot @cododel_circler_bot id=8615461686 - 'Circler Bot'
2026-04-02T04:43:01: 2026-04-02 04:43:01,166 - aiogram.event - INFO - Update id=966173340 is handled. Duration 510 ms by bot id=8615461686
2026-04-02T04:43:16: 2026-04-02 04:43:16,847 - aiogram.event - INFO - Update id=966173341 is handled. Duration 192 ms by bot id=8615461686
2026-04-02T04:43:23: 2026-04-02 04:43:23,879 - aiogram.event - INFO - Update id=966173342 is not handled. Duration 2858 ms by bot id=8615461686
2026-04-02T04:43:23: 2026-04-02 04:43:23,879 - aiogram.event - ERROR - Cause exception while process update id=966173342 by bot id=8615461686
2026-04-02T04:43:23: TelegramBadRequest: Telegram server says - Bad Request: can't parse entities: Unsupported start tag "306?255'" at byte offset 2005
2026-04-02T04:43:23: Traceback (most recent call last):
2026-04-02T04:43:23:   File "/root/projects/circle-overlay-bot/bot/video_processor.py", line 125, in process_video
2026-04-02T04:43:23:     result = subprocess.run(
2026-04-02T04:43:23:              ^^^^^^^^^^^^^^^
2026-04-02T04:43:23:   File "/usr/lib/python3.12/subprocess.py", line 571, in run
2026-04-02T04:43:23:     raise CalledProcessError(retcode, process.args,
2026-04-02T04:43:23: subprocess.CalledProcessError: Command '['ffmpeg', '-y', '-i', '/root/projects/circle-overlay-bot/temp/input_DQACAgIAAxkBAAMEac2DZOfMd9Hn35YWQGEf8VEqdgMAAp1vAALhrLhI4YKhTDrAeOE6BA.mp4', '-i', '/root/projects/circle-overlay-bot/temp/overlay_720x1280.png', '-filter_complex', "[0:v]split[bg][fg];[bg]scale=720:1280:force_original_aspect_ratio=increase,crop=720:1280,boxblur=20:20[blurred];[fg]scale=612:612[scaled];color=black:s=612x612[mask];[mask]geq='lum=255*hypot(X-306,Y-306)<306?255:0'[circular_mask];[scaled][circular_mask]alphamerge[circle];[blurred][circle]overlay=54:334:format=auto[composed];[composed][1:v]overlay=0:0:format=auto", '-c:v', 'libx264', '-preset', 'fast', '-crf', '23', '-c:a', 'aac', '-b:a', '128k', '-movflags', '+faststart', '/root/projects/circle-overlay-bot/temp/output_DQACAgIAAxkBAAMEac2DZOfMd9Hn35YWQGEf8VEqdgMAAp1vAALhrLhI4YKhTDrAeOE6BA_9:16.mp4']' returned non-zero exit status 234.
2026-04-02T04:43:23: 
2026-04-02T04:43:23: During handling of the above exception, another exception occurred:
2026-04-02T04:43:23: 
2026-04-02T04:43:23: Traceback (most recent call last):
2026-04-02T04:43:23:   File "/root/projects/circle-overlay-bot/bot/handlers.py", line 82, in process_ratio_selection
2026-04-02T04:43:23:     process_video(
2026-04-02T04:43:23:   File "/root/projects/circle-overlay-bot/bot/video_processor.py", line 133, in process_video
2026-04-02T04:43:23:     raise RuntimeError(f"FFmpeg failed: {e.stderr}")
2026-04-02T04:43:23: RuntimeError: FFmpeg failed: ffmpeg version 6.1.1-3ubuntu5 Copyright (c) 2000-2023 the FFmpeg developers
2026-04-02T04:43:23:   built with gcc 13 (Ubuntu 13.2.0-23ubuntu3)
2026-04-02T04:43:23:   configuration: --prefix=/usr --extra-version=3ubuntu5 --toolchain=hardened --libdir=/usr/lib/x86_64-linux-gnu --incdir=/usr/include/x86_64-linux-gnu --arch=amd64 --enable-gpl --disable-stripping --disable-omx --enable-gnutls --enable-libaom --enable-libass --enable-libbs2b --enable-libcaca --enable-libcdio --enable-libcodec2 --enable-libdav1d --enable-libflite --enable-libfontconfig --enable-libfreetype --enable-libfribidi --enable-libglslang --enable-libgme --enable-libgsm --enable-libharfbuzz --enable-libmp3lame --enable-libmysofa --enable-libopenjpeg --enable-libopenmpt --enable-libopus --enable-librubberband --enable-libshine --enable-libsnappy --enable-libsoxr --enable-libspeex --enable-libtheora --enable-libtwolame --enable-libvidstab --enable-libvorbis --enable-libvpx --enable-libwebp --enable-libx265 --enable-libxml2 --enable-libxvid --enable-libzimg --enable-openal --enable-opencl --enable-opengl --disable-sndio --enable-libvpl --disable-libmfx --enable-libdc1394 --enable-libdrm --enable-libiec61883 --enable-chromaprint --enable-frei0r --enable-ladspa --enable-libbluray --enable-libjack --enable-libpulse --enable-librabbitmq --enable-librist --enable-libsrt --enable-libssh --enable-libsvtav1 --enable-libx264 --enable-libzmq --enable-libzvbi --enable-lv2 --enable-sdl2 --enable-libplacebo --enable-librav1e --enable-pocketsphinx --enable-librsvg --enable-libjxl --enable-shared
2026-04-02T04:43:23:   libavutil      58. 29.100 / 58. 29.100
2026-04-02T04:43:23:   libavcodec     60. 31.102 / 60. 31.102
2026-04-02T04:43:23:   libavformat    60. 16.100 / 60. 16.100
2026-04-02T04:43:23:   libavdevice    60.  3.100 / 60.  3.100
2026-04-02T04:43:23:   libavfilter     9. 12.100 /  9. 12.100
2026-04-02T04:43:23:   libswscale      7.  5.100 /  7.  5.100
2026-04-02T04:43:23:   libswresample   4. 12.100 /  4. 12.100
2026-04-02T04:43:23:   libpostproc    57.  3.100 / 57.  3.100
2026-04-02T04:43:23: [Parsed_geq_6 @ 0x5f274a2e0540] [Eval @ 0x7ffe9e26ef40] Invalid chars '<306?255' at the end of expression '255*hypot(X-306,Y-306)<306?255'
2026-04-02T04:43:23: [AVFilterGraph @ 0x5f274a2c2500] Error initializing filters
2026-04-02T04:43:23: Failed to set value '[0:v]split[bg][fg];[bg]scale=720:1280:force_original_aspect_ratio=increase,crop=720:1280,boxblur=20:20[blurred];[fg]scale=612:612[scaled];color=black:s=612x612[mask];[mask]geq='lum=255*hypot(X-306,Y-306)<306?255:0'[circular_mask];[scaled][circular_mask]alphamerge[circle];[blurred][circle]overlay=54:334:format=auto[composed];[composed][1:v]overlay=0:0:format=auto' for option 'filter_complex': Invalid argument
2026-04-02T04:43:23: Error parsing global options: Invalid argument
2026-04-02T04:43:23: 
2026-04-02T04:43:23: 
2026-04-02T04:43:23: During handling of the above exception, another exception occurred:
2026-04-02T04:43:23: 
2026-04-02T04:43:23: Traceback (most recent call last):
2026-04-02T04:43:23:   File "/root/projects/circle-overlay-bot/venv/lib/python3.12/site-packages/aiogram/dispatcher/dispatcher.py", line 309, in _process_update
2026-04-02T04:43:23:     response = await self.feed_update(bot, update, **kwargs)
2026-04-02T04:43:23:                ^^^^^^^^^^^^^^^^^^^^^^^^^^^^^^^^^^^^^^^^^^^^^
2026-04-02T04:43:23:   File "/root/projects/circle-overlay-bot/venv/lib/python3.12/site-packages/aiogram/dispatcher/dispatcher.py", line 158, in feed_update
2026-04-02T04:43:23:     response = await self.update.wrap_outer_middleware(
2026-04-02T04:43:23:                ^^^^^^^^^^^^^^^^^^^^^^^^^^^^^^^^^^^^^^^^
2026-04-02T04:43:23:   File "/root/projects/circle-overlay-bot/venv/lib/python3.12/site-packages/aiogram/dispatcher/middlewares/error.py", line 25, in __call__
2026-04-02T04:43:23:     return await handler(event, data)
2026-04-02T04:43:23:            ^^^^^^^^^^^^^^^^^^^^^^^^^^
2026-04-02T04:43:23:   File "/root/projects/circle-overlay-bot/venv/lib/python3.12/site-packages/aiogram/dispatcher/middlewares/user_context.py", line 56, in __call__
2026-04-02T04:43:23:     return await handler(event, data)
2026-04-02T04:43:23:            ^^^^^^^^^^^^^^^^^^^^^^^^^^
2026-04-02T04:43:23:   File "/root/projects/circle-overlay-bot/venv/lib/python3.12/site-packages/aiogram/fsm/middleware.py", line 42, in __call__
2026-04-02T04:43:23:     return await handler(event, data)
2026-04-02T04:43:23:            ^^^^^^^^^^^^^^^^^^^^^^^^^^
2026-04-02T04:43:23:   File "/root/projects/circle-overlay-bot/venv/lib/python3.12/site-packages/aiogram/dispatcher/event/telegram.py", line 121, in trigger
2026-04-02T04:43:23:     return await wrapped_inner(event, kwargs)
2026-04-02T04:43:23:            ^^^^^^^^^^^^^^^^^^^^^^^^^^^^^^^^^^
2026-04-02T04:43:23:   File "/root/projects/circle-overlay-bot/venv/lib/python3.12/site-packages/aiogram/dispatcher/event/handler.py", line 43, in call
2026-04-02T04:43:23:     return await wrapped()
2026-04-02T04:43:23:            ^^^^^^^^^^^^^^^
2026-04-02T04:43:23:   File "/root/projects/circle-overlay-bot/venv/lib/python3.12/site-packages/aiogram/dispatcher/dispatcher.py", line 276, in _listen_update
2026-04-02T04:43:23:     return await self.propagate_event(update_type=update_type, event=event, **kwargs)
2026-04-02T04:43:23:            ^^^^^^^^^^^^^^^^^^^^^^^^^^^^^^^^^^^^^^^^^^^^^^^^^^^^^^^^^^^^^^^^^^^^^^^^^^
2026-04-02T04:43:23:   File "/root/projects/circle-overlay-bot/venv/lib/python3.12/site-packages/aiogram/dispatcher/router.py", line 146, in propagate_event
2026-04-02T04:43:23:     return await observer.wrap_outer_middleware(_wrapped, event=event, data=kwargs)
2026-04-02T04:43:23:            ^^^^^^^^^^^^^^^^^^^^^^^^^^^^^^^^^^^^^^^^^^^^^^^^^^^^^^^^^^^^^^^^^^^^^^^^
2026-04-02T04:43:23:   File "/root/projects/circle-overlay-bot/venv/lib/python3.12/site-packages/aiogram/dispatcher/router.py", line 141, in _wrapped
2026-04-02T04:43:23:     return await self._propagate_event(
2026-04-02T04:43:23:            ^^^^^^^^^^^^^^^^^^^^^^^^^^^^
2026-04-02T04:43:23:   File "/root/projects/circle-overlay-bot/venv/lib/python3.12/site-packages/aiogram/dispatcher/router.py", line 174, in _propagate_event
2026-04-02T04:43:23:     response = await router.propagate_event(update_type=update_type, event=event, **kwargs)
2026-04-02T04:43:23:                ^^^^^^^^^^^^^^^^^^^^^^^^^^^^^^^^^^^^^^^^^^^^^^^^^^^^^^^^^^^^^^^^^^^^^^^^^^^^
2026-04-02T04:43:23:   File "/root/projects/circle-overlay-bot/venv/lib/python3.12/site-packages/aiogram/dispatcher/router.py", line 146, in propagate_event
2026-04-02T04:43:23:     return await observer.wrap_outer_middleware(_wrapped, event=event, data=kwargs)
2026-04-02T04:43:23:            ^^^^^^^^^^^^^^^^^^^^^^^^^^^^^^^^^^^^^^^^^^^^^^^^^^^^^^^^^^^^^^^^^^^^^^^^
2026-04-02T04:43:23:   File "/root/projects/circle-overlay-bot/venv/lib/python3.12/site-packages/aiogram/dispatcher/router.py", line 141, in _wrapped
2026-04-02T04:43:23:     return await self._propagate_event(
2026-04-02T04:43:23:            ^^^^^^^^^^^^^^^^^^^^^^^^^^^^
2026-04-02T04:43:23:   File "/root/projects/circle-overlay-bot/venv/lib/python3.12/site-packages/aiogram/dispatcher/router.py", line 166, in _propagate_event
2026-04-02T04:43:23:     response = await observer.trigger(event, **kwargs)
2026-04-02T04:43:23:                ^^^^^^^^^^^^^^^^^^^^^^^^^^^^^^^^^^^^^^^
2026-04-02T04:43:23:   File "/root/projects/circle-overlay-bot/venv/lib/python3.12/site-packages/aiogram/dispatcher/event/telegram.py", line 121, in trigger
2026-04-02T04:43:23:     return await wrapped_inner(event, kwargs)
2026-04-02T04:43:23:            ^^^^^^^^^^^^^^^^^^^^^^^^^^^^^^^^^^
2026-04-02T04:43:23:   File "/root/projects/circle-overlay-bot/venv/lib/python3.12/site-packages/aiogram/dispatcher/event/handler.py", line 43, in call
2026-04-02T04:43:23:     return await wrapped()
2026-04-02T04:43:23:            ^^^^^^^^^^^^^^^
2026-04-02T04:43:23:   File "/root/projects/circle-overlay-bot/bot/handlers.py", line 97, in process_ratio_selection
2026-04-02T04:43:23:     await callback.message.edit_text(
2026-04-02T04:43:23:   File "/root/projects/circle-overlay-bot/venv/lib/python3.12/site-packages/aiogram/methods/base.py", line 84, in emit
2026-04-02T04:43:23:     return await bot(self)
2026-04-02T04:43:23:            ^^^^^^^^^^^^^^^
2026-04-02T04:43:23:   File "/root/projects/circle-overlay-bot/venv/lib/python3.12/site-packages/aiogram/client/bot.py", line 498, in __call__
2026-04-02T04:43:23:     return await self.session(self, method, timeout=request_timeout)
2026-04-02T04:43:23:            ^^^^^^^^^^^^^^^^^^^^^^^^^^^^^^^^^^^^^^^^^^^^^^^^^^^^^^^^^
2026-04-02T04:43:23:   File "/root/projects/circle-overlay-bot/venv/lib/python3.12/site-packages/aiogram/client/session/base.py", line 254, in __call__
2026-04-02T04:43:23:     return cast(TelegramType, await middleware(bot, method))
2026-04-02T04:43:23:                               ^^^^^^^^^^^^^^^^^^^^^^^^^^^^^
2026-04-02T04:43:23:   File "/root/projects/circle-overlay-bot/venv/lib/python3.12/site-packages/aiogram/client/session/aiohttp.py", line 189, in make_request
2026-04-02T04:43:23:     response = self.check_response(
2026-04-02T04:43:23:                ^^^^^^^^^^^^^^^^^^^^
2026-04-02T04:43:23:   File "/root/projects/circle-overlay-bot/venv/lib/python3.12/site-packages/aiogram/client/session/base.py", line 120, in check_response
2026-04-02T04:43:23:     raise TelegramBadRequest(method=method, message=description)
2026-04-02T04:43:23: aiogram.exceptions.TelegramBadRequest: Telegram server says - Bad Request: can't parse entities: Unsupported start tag "306?255'" at byte offset 2005
2026-04-02T04:53:40: 2026-04-02 04:53:40,776 - aiogram.dispatcher - WARNING - Received SIGINT signal
2026-04-02T04:53:40: 2026-04-02 04:53:40,776 - aiogram.dispatcher - INFO - Polling stopped for bot @cododel_circler_bot id=8615461686 - 'Circler Bot'
2026-04-02T04:53:40: 2026-04-02 04:53:40,777 - aiogram.dispatcher - INFO - Polling stopped
2026-04-02T04:53:43: 2026-04-02 04:53:43,172 - __main__ - INFO - Starting bot with polling...
2026-04-02T04:53:43: 2026-04-02 04:53:43,172 - aiogram.dispatcher - INFO - Start polling
2026-04-02T04:53:43: 2026-04-02 04:53:43,678 - aiogram.dispatcher - INFO - Run polling for bot @cododel_circler_bot id=8615461686 - 'Circler Bot'
2026-04-02T05:01:49: 2026-04-02 05:01:49,184 - aiogram.event - INFO - Update id=966173343 is handled. Duration 517 ms by bot id=8615461686
2026-04-02T05:01:55: 2026-04-02 05:01:55,031 - aiogram.event - INFO - Update id=966173344 is handled. Duration 2442 ms by bot id=8615461686
2026-04-02T05:03:06: 2026-04-02 05:03:06,242 - aiogram.dispatcher - WARNING - Received SIGINT signal
2026-04-02T05:03:06: 2026-04-02 05:03:06,243 - aiogram.dispatcher - INFO - Polling stopped for bot @cododel_circler_bot id=8615461686 - 'Circler Bot'
2026-04-02T05:03:06: 2026-04-02 05:03:06,243 - aiogram.dispatcher - INFO - Polling stopped
2026-04-02T05:03:08: 2026-04-02 05:03:08,968 - __main__ - INFO - Starting bot with polling...
2026-04-02T05:03:08: 2026-04-02 05:03:08,969 - aiogram.dispatcher - INFO - Start polling
2026-04-02T05:03:09: 2026-04-02 05:03:09,453 - aiogram.dispatcher - INFO - Run polling for bot @cododel_circler_bot id=8615461686 - 'Circler Bot'
2026-04-02T05:03:22: 2026-04-02 05:03:22,078 - aiogram.event - INFO - Update id=966173345 is handled. Duration 514 ms by bot id=8615461686
2026-04-02T05:05:40: 2026-04-02 05:05:40,667 - aiogram.dispatcher - ERROR - Failed to fetch updates - TelegramNetworkError: HTTP Client says - Request timeout error
2026-04-02T05:05:40: 2026-04-02 05:05:40,667 - aiogram.dispatcher - WARNING - Sleep for 1.000000 seconds and try again... (tryings = 0, bot id = 8615461686)
2026-04-02T05:05:45: 2026-04-02 05:05:45,405 - aiogram.event - INFO - Update id=966173346 is handled. Duration 141280 ms by bot id=8615461686
2026-04-02T05:05:52: 2026-04-02 05:05:52,167 - aiogram.dispatcher - INFO - Connection established (tryings = 1, bot id = 8615461686)
2026-04-02T05:24:32: 2026-04-02 05:24:32,788 - aiogram.dispatcher - WARNING - Received SIGINT signal
2026-04-02T05:24:32: 2026-04-02 05:24:32,789 - aiogram.dispatcher - INFO - Polling stopped for bot @cododel_circler_bot id=8615461686 - 'Circler Bot'
2026-04-02T05:24:32: 2026-04-02 05:24:32,789 - aiogram.dispatcher - INFO - Polling stopped
2026-04-02T05:24:35: 2026-04-02 05:24:35,478 - __main__ - INFO - Starting bot with polling...
2026-04-02T05:24:35: 2026-04-02 05:24:35,479 - aiogram.dispatcher - INFO - Start polling
2026-04-02T05:24:35: 2026-04-02 05:24:35,963 - aiogram.dispatcher - INFO - Run polling for bot @cododel_circler_bot id=8615461686 - 'Circler Bot'
2026-04-02T05:26:17: 2026-04-02 05:26:17,522 - aiogram.event - INFO - Update id=966173347 is handled. Duration 549 ms by bot id=8615461686
2026-04-02T05:30:11: 2026-04-02 05:30:11,949 - aiogram.dispatcher - ERROR - Failed to fetch updates - TelegramNetworkError: HTTP Client says - Request timeout error
2026-04-02T05:30:11: 2026-04-02 05:30:11,950 - aiogram.dispatcher - WARNING - Sleep for 1.000000 seconds and try again... (tryings = 0, bot id = 8615461686)
2026-04-02T05:30:16: 2026-04-02 05:30:16,829 - aiogram.event - INFO - Update id=966173348 is handled. Duration 235231 ms by bot id=8615461686
2026-04-02T05:30:23: 2026-04-02 05:30:23,431 - aiogram.dispatcher - INFO - Connection established (tryings = 1, bot id = 8615461686)
2026-04-02T05:38:18: 2026-04-02 05:38:18,892 - aiogram.dispatcher - WARNING - Received SIGINT signal
2026-04-02T05:38:18: 2026-04-02 05:38:18,893 - aiogram.dispatcher - INFO - Polling stopped for bot @cododel_circler_bot id=8615461686 - 'Circler Bot'
2026-04-02T05:38:18: 2026-04-02 05:38:18,893 - aiogram.dispatcher - INFO - Polling stopped
2026-04-02T05:38:21: 2026-04-02 05:38:21,582 - __main__ - INFO - Starting bot with polling...
2026-04-02T05:38:21: 2026-04-02 05:38:21,582 - aiogram.dispatcher - INFO - Start polling
2026-04-02T05:38:22: 2026-04-02 05:38:22,065 - aiogram.dispatcher - INFO - Run polling for bot @cododel_circler_bot id=8615461686 - 'Circler Bot'
2026-04-02T05:41:14: 2026-04-02 05:41:14,575 - aiogram.dispatcher - WARNING - Received SIGINT signal
2026-04-02T05:41:14: 2026-04-02 05:41:14,575 - aiogram.dispatcher - INFO - Polling stopped for bot @cododel_circler_bot id=8615461686 - 'Circler Bot'
2026-04-02T05:41:14: 2026-04-02 05:41:14,575 - aiogram.dispatcher - INFO - Polling stopped
2026-04-02T05:41:17: 2026-04-02 05:41:17,303 - __main__ - INFO - Starting bot with polling...
2026-04-02T05:41:17: 2026-04-02 05:41:17,303 - aiogram.dispatcher - INFO - Start polling
2026-04-02T05:41:17: 2026-04-02 05:41:17,792 - aiogram.dispatcher - INFO - Run polling for bot @cododel_circler_bot id=8615461686 - 'Circler Bot'
2026-04-02T05:46:14: 2026-04-02 05:46:14,759 - aiogram.event - INFO - Update id=966173349 is handled. Duration 506 ms by bot id=8615461686
2026-04-02T06:10:17: 2026-04-02 06:10:17,559 - __main__ - INFO - Starting bot with polling...
2026-04-02T06:10:17: 2026-04-02 06:10:17,560 - aiogram.dispatcher - INFO - Start polling
2026-04-02T06:10:18: 2026-04-02 06:10:18,052 - aiogram.dispatcher - INFO - Run polling for bot @cododel_circler_bot id=8615461686 - 'Circler Bot'
2026-04-02T06:19:26: 2026-04-02 06:19:26,427 - aiogram.event - INFO - Update id=966173351 is handled. Duration 516 ms by bot id=8615461686
2026-04-02T06:24:15: 2026-04-02 06:24:15,824 - aiogram.dispatcher - ERROR - Failed to fetch updates - TelegramNetworkError: HTTP Client says - Request timeout error
2026-04-02T06:24:15: 2026-04-02 06:24:15,824 - aiogram.dispatcher - WARNING - Sleep for 1.000000 seconds and try again... (tryings = 0, bot id = 8615461686)
2026-04-02T06:24:22: 2026-04-02 06:24:22,097 - aiogram.event - INFO - Update id=966173352 is handled. Duration 290724 ms by bot id=8615461686
2026-04-02T06:24:27: 2026-04-02 06:24:27,301 - aiogram.dispatcher - INFO - Connection established (tryings = 1, bot id = 8615461686)
2026-04-02T07:01:59: 2026-04-02 07:01:59,365 - aiogram.event - INFO - Update id=966173353 is handled. Duration 507 ms by bot id=8615461686
2026-04-02T07:05:50: 2026-04-02 07:05:50,188 - aiogram.dispatcher - ERROR - Failed to fetch updates - TelegramNetworkError: HTTP Client says - Request timeout error
2026-04-02T07:05:50: 2026-04-02 07:05:50,188 - aiogram.dispatcher - WARNING - Sleep for 1.000000 seconds and try again... (tryings = 0, bot id = 8615461686)
2026-04-02T07:05:55: 2026-04-02 07:05:55,218 - aiogram.event - INFO - Update id=966173354 is handled. Duration 234108 ms by bot id=8615461686
2026-04-02T07:06:01: 2026-04-02 07:06:01,677 - aiogram.dispatcher - INFO - Connection established (tryings = 1, bot id = 8615461686)
2026-04-02T07:24:02: 2026-04-02 07:24:02,541 - aiogram.dispatcher - WARNING - Received SIGINT signal
2026-04-02T07:24:02: 2026-04-02 07:24:02,541 - aiogram.dispatcher - INFO - Polling stopped for bot @cododel_circler_bot id=8615461686 - 'Circler Bot'
2026-04-02T07:24:02: 2026-04-02 07:24:02,541 - aiogram.dispatcher - INFO - Polling stopped
2026-04-02T07:24:05: 2026-04-02 07:24:05,121 - __main__ - INFO - Starting bot with polling...
2026-04-02T07:24:05: 2026-04-02 07:24:05,122 - aiogram.dispatcher - INFO - Start polling
2026-04-02T07:24:05: 2026-04-02 07:24:05,617 - aiogram.dispatcher - INFO - Run polling for bot @cododel_circler_bot id=8615461686 - 'Circler Bot'
2026-04-02T07:24:54: 2026-04-02 07:24:54,187 - aiogram.event - INFO - Update id=966173355 is handled. Duration 504 ms by bot id=8615461686
2026-04-02T07:27:07: 2026-04-02 07:27:07,647 - aiogram.dispatcher - WARNING - Received SIGINT signal
2026-04-02T07:27:07: 2026-04-02 07:27:07,647 - aiogram.dispatcher - INFO - Polling stopped for bot @cododel_circler_bot id=8615461686 - 'Circler Bot'
2026-04-02T07:27:07: 2026-04-02 07:27:07,647 - aiogram.dispatcher - INFO - Polling stopped
2026-04-02T07:27:10: 2026-04-02 07:27:10,227 - __main__ - INFO - Starting bot with polling...
2026-04-02T07:27:10: 2026-04-02 07:27:10,228 - aiogram.dispatcher - INFO - Start polling
2026-04-02T07:27:10: 2026-04-02 07:27:10,712 - aiogram.dispatcher - INFO - Run polling for bot @cododel_circler_bot id=8615461686 - 'Circler Bot'
2026-04-02T07:27:51: 2026-04-02 07:27:51,618 - aiogram.event - INFO - Update id=966173356 is handled. Duration 519 ms by bot id=8615461686
2026-04-02T07:28:15: 2026-04-02 07:28:15,004 - aiogram.dispatcher - WARNING - Received SIGINT signal
2026-04-02T07:28:15: 2026-04-02 07:28:15,004 - aiogram.dispatcher - INFO - Polling stopped for bot @cododel_circler_bot id=8615461686 - 'Circler Bot'
2026-04-02T07:28:15: 2026-04-02 07:28:15,004 - aiogram.dispatcher - INFO - Polling stopped
2026-04-02T07:28:17: 2026-04-02 07:28:17,887 - __main__ - INFO - Starting bot with polling...
2026-04-02T07:28:17: 2026-04-02 07:28:17,887 - aiogram.dispatcher - INFO - Start polling
2026-04-02T07:28:18: 2026-04-02 07:28:18,371 - aiogram.dispatcher - INFO - Run polling for bot @cododel_circler_bot id=8615461686 - 'Circler Bot'
2026-04-02T07:28:39: 2026-04-02 07:28:39,390 - aiogram.event - INFO - Update id=966173357 is handled. Duration 523 ms by bot id=8615461686
2026-04-02T07:28:44: 2026-04-02 07:28:44,031 - aiogram.event - INFO - Update id=966173358 is handled. Duration 361 ms by bot id=8615461686
2026-04-02T07:29:18: 2026-04-02 07:29:18,569 - aiogram.event - INFO - Update id=966173359 is handled. Duration 177 ms by bot id=8615461686
2026-04-02T07:29:33: 2026-04-02 07:29:33,085 - aiogram.event - INFO - Update id=966173360 is handled. Duration 184 ms by bot id=8615461686
2026-04-02T07:29:35: 2026-04-02 07:29:35,790 - aiogram.event - INFO - Update id=966173361 is handled. Duration 363 ms by bot id=8615461686
2026-04-02T07:33:26: 2026-04-02 07:33:26,696 - aiogram.event - INFO - Update id=966173362 is handled. Duration 228426 ms by bot id=8615461686
2026-04-02T08:44:43: 2026-04-02 08:44:43,103 - aiogram.dispatcher - WARNING - Received SIGTERM signal
2026-04-02T08:44:43: 2026-04-02 08:44:43,108 - aiogram.dispatcher - INFO - Polling stopped for bot @cododel_circler_bot id=8615461686 - 'Circler Bot'
2026-04-02T08:44:43: 2026-04-02 08:44:43,108 - aiogram.dispatcher - INFO - Polling stopped
2026-04-02T08:44:43: 2026-04-02 08:44:43,132 - aiogram.dispatcher - WARNING - Received SIGINT signal
